2/24/2016 - We found: 27 Production Volumes.
2/24/2016 - We created: 27 snapshots.
2/24/2016 - We tagged: 0 Production Volumes
2/24/2016 - We found: 27 Production Volumes.
2/24/2016 - We created: 27 snapshots.
2/24/2016 - We tagged: 0 Production Volumes
Session Closed
**************
2/24/2016 - We found: 27 Production Volumes.
2/24/2016 - We created: 27 snapshots.
2/24/2016 - We tagged: 0 Production Volumes
Session Closed
**************
2/24/2016 - We found: 27 Production Volumes.
2/24/2016 - We created: 27 snapshots.
2/24/2016 - We tagged: 27 Production Volumes
Session Closed
**************
2/24/2016 - We found: 27 Production Volumes.
2/24/2016 - We created: 27 snapshots.
2/24/2016 - We tagged: 27 Production Volumes
Session Closed
**************
2/24/2016 - We found: 27 Production Volumes.
2/24/2016 - We created: 27 snapshots.
2/24/2016 - We tagged: 27 Production Volumes
Session Closed
**************
2/24/2016 - We found: 27 Production Volumes.
2/24/2016 - We created: 26 snapshots.
2/24/2016 - We tagged: 26 Production Volumes
Session Closed
**************
2/24/2016 - We found: 27 Production Volumes.
2/24/2016 - We created: 26 snapshots.
2/24/2016 - We tagged: 26 Production Volumes
Session Closed
**************
2/24/2016 - We found: 27 Production Volumes.
2/24/2016 - We created: 26 snapshots.
2/24/2016 - We tagged: 26 Production Volumes
Session Closed
**************
2/24/2016 - We found: 27 Production Volumes.
2/24/2016 - We created: 26 snapshots.
2/24/2016 - We tagged: 26 Production Volumes
Session Closed
**************
2/25/2016 - We found: 27 Production Volumes.
2/25/2016 - We created: 26 snapshots.
2/25/2016 - Starting to get volIDs 
2/25/2016 - We found: 27 Production Volumes.
2/25/2016 - Starting Snapshots 
2/25/2016 - We created: 26 snapshots.
2/25/2016 - Starting to read in snapshotIDs created in the prior step. 
2/25/2016 - Finished getting SnapahotIDs. There was: 27
2/25/2016 - Starting to tag the snapshots.
2/25/2016 - We tagged: 26 Production Volumes
2/25/2016Session Closed
**************
2/26/2016 - Starting to get volIDs 
2/26/2016 - We found: 27 Production Volumes.
2/26/2016 - Starting Snapshots 
2/26/2016 - We created: 26 snapshots.
2/26/2016 - Starting to read in snapshotIDs created in the prior step. 
2/26/2016 - Finished getting SnapahotIDs. There was: 27
2/26/2016 - Starting to tag the snapshots.
2/26/2016 - We tagged: 26 Production Volumes
2/26/2016Session Closed
**************
2/27/2016 - Starting to get volIDs 
2/27/2016 - We found: 27 Production Volumes.
2/27/2016 - Starting Snapshots 
2/27/2016 - We created: 26 snapshots.
2/27/2016 - Starting to read in snapshotIDs created in the prior step. 
2/27/2016 - Finished getting SnapahotIDs. There was: 27
2/27/2016 - Starting to tag the snapshots.
2/27/2016 - We tagged: 26 Production Volumes
2/27/2016Session Closed
**************
2/28/2016 - Starting to get volIDs 
2/28/2016 - We found: 27 Production Volumes.
2/28/2016 - Starting Snapshots 
2/28/2016 - We created: 26 snapshots.
2/28/2016 - Starting to read in snapshotIDs created in the prior step. 
2/28/2016 - Finished getting SnapahotIDs. There was: 24
2/28/2016 - Starting to tag the snapshots.
2/28/2016 - We tagged: 23 Production Volumes
2/28/2016Session Closed
**************
2/29/2016 - Starting to get volIDs 
2/29/2016 - We found: 27 Production Volumes.
2/29/2016 - Starting Snapshots 
2/29/2016 - We created: 26 snapshots.
2/29/2016 - Starting to read in snapshotIDs created in the prior step. 
2/29/2016 - Finished getting SnapahotIDs. There was: 27
2/29/2016 - Starting to tag the snapshots.
2/29/2016 - We tagged: 26 Production Volumes
2/29/2016Session Closed
**************
